<?xml version="1.0" encoding="UTF-8"?>
<testsuite name="banking.CheckingAccountTest" tests="1" skipped="0" failures="0" errors="0" timestamp="2024-09-23T04:20:37" hostname="WINSONCHEN" time="0.002">
  <properties/>
  <testcase name="checking_account_starting_balance_is_zero()" classname="banking.CheckingAccountTest" time="0.002"/>
  <system-out><![CDATA[]]></system-out>
  <system-err><![CDATA[]]></system-err>
</testsuite>
