<?xml version="1.0" encoding="UTF-8"?>
<testsuite name="banking.CDAccountTest" tests="1" skipped="0" failures="0" errors="0" timestamp="2024-09-23T04:20:37" hostname="WINSONCHEN" time="0.005">
  <properties/>
  <testcase name="cd_account_starting_balance_is_same_as_supplied_balance()" classname="banking.CDAccountTest" time="0.005"/>
  <system-out><![CDATA[]]></system-out>
  <system-err><![CDATA[]]></system-err>
</testsuite>
