<?xml version="1.0" encoding="UTF-8"?>
<testsuite name="banking.CommandStorageTest" tests="5" skipped="0" failures="0" errors="0" timestamp="2024-09-23T04:20:37" hostname="WINSONCHEN" time="0.021">
  <properties/>
  <testcase name="check_two_invalid_commands_is_added_correctly_to_invalid_command_storage()" classname="banking.CommandStorageTest" time="0.002"/>
  <testcase name="check_invalid_command_storage_is_empty()" classname="banking.CommandStorageTest" time="0.001"/>
  <testcase name="check_one_invalid_command_is_added_correctly_to_invalid_command_storage()" classname="banking.CommandStorageTest" time="0.004"/>
  <testcase name="add_two_invalid_commands_to_empty_invalid_command_storage()" classname="banking.CommandStorageTest" time="0.002"/>
  <testcase name="add_one_invalid_command_to_empty_invalid_command_storage()" classname="banking.CommandStorageTest" time="0.001"/>
  <system-out><![CDATA[]]></system-out>
  <system-err><![CDATA[]]></system-err>
</testsuite>
